2026-01-14 20:27:26,931 - INFO - Начало действия: REGISTER
2026-01-14 20:27:26,931 - ERROR - Действие REGISTER завершилось ошибкой: Expecting value: line 1 column 1 (char 0)
2026-01-14 20:30:19,211 - INFO - Начало действия: REGISTER
2026-01-14 20:30:19,211 - INFO - Действие REGISTER успешно завершено
2026-01-14 20:38:12,266 - INFO - Начало действия: REGISTER
2026-01-14 20:38:12,266 - ERROR - Действие REGISTER завершилось с исключением: name 'RegistrationError' is not defined
2026-01-14 20:47:34,339 - INFO - Начало действия: REGISTER
2026-01-14 20:47:34,340 - ERROR - Действие REGISTER завершилось с исключением: Пароль должен быть не короче 4 символов
2026-01-14 20:47:50,490 - INFO - Начало действия: REGISTER
2026-01-14 20:47:50,490 - ERROR - Действие REGISTER завершилось с исключением: Пароль должен быть не короче 4 символов
2026-01-14 20:56:06,062 - INFO - Начало действия: REGISTER
2026-01-14 20:56:06,062 - ERROR - Действие REGISTER завершилось с исключением: Пароль должен быть не короче 4 символов
2026-01-14 20:56:22,565 - INFO - Начало действия: REGISTER
2026-01-14 20:56:22,566 - INFO - Действие REGISTER успешно завершено
2026-01-14 20:56:29,073 - INFO - Начало действия: REGISTER
2026-01-14 20:56:29,074 - ERROR - Действие REGISTER завершилось с исключением: Имя пользователя 'user1' уже занято
2026-01-14 21:48:17,596 - INFO - Начало действия: REGISTER
2026-01-14 21:48:17,597 - INFO - Действие REGISTER успешно завершено
2026-01-14 21:49:19,640 - INFO - Начало действия: LOGIN
2026-01-14 21:49:19,641 - WARNING - Действие LOGIN завершилось с ошибкой: Неверное имя пользователя или пароль
2026-01-14 21:49:47,762 - INFO - Начало действия: REGISTER
2026-01-14 21:49:47,762 - ERROR - Действие REGISTER завершилось с исключением: Имя пользователя 'me' уже занято
2026-01-14 21:50:03,475 - INFO - Начало действия: REGISTER
2026-01-14 21:50:03,477 - INFO - Действие REGISTER успешно завершено
2026-01-14 21:50:12,023 - INFO - Начало действия: LOGIN
2026-01-14 21:50:12,024 - WARNING - Действие LOGIN завершилось с ошибкой: Неверное имя пользователя или пароль
2026-01-14 21:52:14,378 - INFO - Начало действия: LOGIN
2026-01-14 21:52:14,379 - WARNING - Действие LOGIN завершилось с ошибкой: Неверное имя пользователя или пароль
2026-01-14 22:00:01,492 - INFO - Начало действия: REGISTER
2026-01-14 22:00:01,494 - INFO - Действие REGISTER успешно завершено
2026-01-14 22:00:44,985 - INFO - Начало действия: LOGIN
2026-01-14 22:00:44,986 - WARNING - Действие LOGIN завершилось с ошибкой: Неверное имя пользователя или пароль
2026-01-14 22:07:48,982 - INFO - Начало действия: LOGIN
2026-01-14 22:07:48,982 - INFO - Действие LOGIN успешно: Вы вошли как 'alice'
2026-01-14 22:08:01,322 - INFO - Начало действия: REGISTER
2026-01-14 22:08:01,324 - INFO - Действие REGISTER успешно завершено
2026-01-14 22:08:05,608 - INFO - Начало действия: REGISTER
2026-01-14 22:08:05,608 - ERROR - Действие REGISTER завершилось с исключением: Имя пользователя 'alice2' уже занято
2026-01-14 22:08:14,136 - INFO - Начало действия: LOGIN
2026-01-14 22:08:14,137 - INFO - Действие LOGIN успешно: Вы вошли как 'alice2'
2026-01-14 22:19:26,342 - INFO - Начало действия: REGISTER
2026-01-14 22:19:26,346 - INFO - Действие REGISTER успешно завершено
2026-01-14 22:23:47,232 - INFO - Начало действия: LOGIN
2026-01-14 22:23:47,233 - INFO - Действие LOGIN успешно: Вы вошли как 'me3'
2026-01-14 22:24:31,822 - INFO - Начало действия: LOGIN
2026-01-14 22:24:31,823 - INFO - Действие LOGIN успешно: Вы вошли как 'me3'
2026-01-14 22:27:43,502 - INFO - Начало действия: LOGIN
2026-01-14 22:27:43,503 - INFO - Действие LOGIN успешно: Вы вошли как 'me3'
2026-01-14 22:29:52,240 - INFO - Начало действия: BUY
2026-01-14 22:29:52,240 - WARNING - Действие BUY завершилось с ошибкой: Не удалось получить курс для USD
2026-01-14 22:30:24,429 - INFO - Начало действия: BUY
2026-01-14 22:30:24,430 - WARNING - Действие BUY завершилось с ошибкой: Недостаточно средств. Нужно: 484145.00 USD
2026-01-14 22:40:24,032 - INFO - Начало действия: LOGIN
2026-01-14 22:40:24,033 - INFO - Действие LOGIN успешно: Вы вошли как 'me3'
2026-01-14 22:41:10,233 - INFO - Начало действия: DEPOSIT
2026-01-14 22:41:10,235 - INFO - Действие DEPOSIT успешно: Пополнено 1000.00 USD. Баланс: 1000.00 USD
